<?xml version="1.0" encoding="UTF-8"?>
<testsuite name="testUI.LoginTodoistTest" tests="1" skipped="0" failures="0" errors="0" timestamp="2020-10-11T04:15:40" hostname="LAPTOP-6NSA39VR" time="19.37">
  <properties/>
  <testcase name="verifyTheLoginUsingUserAndPassword" classname="testUI.LoginTodoistTest" time="19.37"/>
  <system-out><![CDATA[]]></system-out>
  <system-err><![CDATA[SLF4J: Failed to load class "org.slf4j.impl.StaticLoggerBinder".
SLF4J: Defaulting to no-operation (NOP) logger implementation
SLF4J: See http://www.slf4j.org/codes.html#StaticLoggerBinder for further details.
oct. 11, 2020 12:15:40 A. M. org.openqa.selenium.remote.DesiredCapabilities chrome
INFO: Using `new ChromeOptions()` is preferred to `DesiredCapabilities.chrome()`
Starting ChromeDriver 85.0.4183.87 (cd6713ebf92fa1cacc0f1a598df280093af0c5d7-refs/branch-heads/4183@{#1689}) on port 29391
Only local connections are allowed.
Please see https://chromedriver.chromium.org/security-considerations for suggestions on keeping ChromeDriver safe.
ChromeDriver was started successfully.
[1602389745.050][WARNING]: This version of ChromeDriver has not been tested with Chrome version 86.
oct. 11, 2020 12:15:47 A. M. org.openqa.selenium.remote.ProtocolHandshake createSession
INFO: Detected dialect: W3C
]]></system-err>
</testsuite>
