<?xml version="1.0" encoding="UTF-8"?>
<testsuite name="testUI.VulnerabilityTest" tests="1" skipped="0" failures="0" errors="0" timestamp="2020-10-11T04:15:59" hostname="LAPTOP-6NSA39VR" time="247.703">
  <properties/>
  <testcase name="verifyVulnerabilityScanTest" classname="testUI.VulnerabilityTest" time="247.703"/>
  <system-out><![CDATA[{
    "scan": "4"
}
ID :4
OWASP Status : 1 %
OWASP Status : 1 %
OWASP Status : 3 %
OWASP Status : 7 %
OWASP Status : 9 %
OWASP Status : 11 %
OWASP Status : 15 %
OWASP Status : 100 %
]]></system-out>
  <system-err><![CDATA[]]></system-err>
</testsuite>
